<?xml version="1.0" encoding="UTF-8"?>
<testng-results ignored="0" total="1" passed="1" failed="0" skipped="0">
  <reporter-output>
  </reporter-output>
  <suite started-at="2024-03-11T15:13:42 IST" name="Default suite" finished-at="2024-03-11T15:14:09 IST" duration-ms="27206">
    <groups>
    </groups>
    <test started-at="2024-03-11T15:13:42 IST" name="Default test" finished-at="2024-03-11T15:14:09 IST" duration-ms="27206">
      <class name="dealsdray.Login">
        <test-method signature="login()[pri:0, instance:dealsdray.Login@3d680b5a]" started-at="2024-03-11T15:13:42 IST" name="login" finished-at="2024-03-11T15:14:09 IST" duration-ms="27136" status="PASS">
          <reporter-output>
          </reporter-output>
        </test-method> <!-- login -->
      </class> <!-- dealsdray.Login -->
    </test> <!-- Default test -->
  </suite> <!-- Default suite -->
</testng-results>
